<?xml version="1.0" encoding="UTF-8"?>
<!-- Generated by org.testng.reporters.JUnitReportReporter -->
<testsuite hostname="LIN51010137" failures="0" tests="3" name="testngpractice.InvocationCount" time="0.038" errors="0" timestamp="2024-03-17T17:48:56 IST" skipped="0">
  <testcase classname="testngpractice.InvocationCount" name="test" time="0.005"/>
  <system-out/>
  <testcase classname="testngpractice.InvocationCount" name="test" time="0.006"/>
  <system-out/>
  <testcase classname="testngpractice.InvocationCount" name="test" time="0.027"/>
  <system-out/>
</testsuite> <!-- testngpractice.InvocationCount -->
