<?xml version="1.0" encoding="UTF-8"?>
<!-- Generated by org.testng.reporters.JUnitReportReporter -->
<testsuite hostname="LIN51010137" failures="0" tests="3" name="testngpractice.FirstClass" time="0.010" errors="0" timestamp="2024-03-16T20:17:09 IST" skipped="0">
  <testcase classname="testngpractice.FirstClass" name="openApp" time="0.003"/>
  <system-out/>
  <testcase classname="testngpractice.FirstClass" name="login" time="0.004"/>
  <system-out/>
  <testcase classname="testngpractice.FirstClass" name="close" time="0.003"/>
  <system-out/>
</testsuite> <!-- testngpractice.FirstClass -->
