<?xml version="1.0" encoding="UTF-8"?>
<!-- Generated by org.testng.reporters.JUnitReportReporter -->
<testsuite hostname="LIN51010137" failures="0" tests="1" name="pageobject.LoginTest" time="0.852" errors="0" timestamp="2024-03-18T21:04:17 IST" skipped="0">
  <testcase classname="pageobject.LoginTest" name="login" time="0.852"/>
  <system-out/>
</testsuite> <!-- pageobject.LoginTest -->
