<?xml version="1.0" encoding="UTF-8"?>
<!-- Generated by org.testng.reporters.JUnitReportReporter -->
<testsuite hostname="LIN51010137" failures="0" tests="3" name="testngpractice.SecondClass" time="19.324" errors="0" timestamp="2024-03-16T20:17:09 IST" skipped="0">
  <testcase classname="testngpractice.SecondClass" name="openApp" time="12.420"/>
  <system-out/>
  <testcase classname="testngpractice.SecondClass" name="login" time="6.190"/>
  <system-out/>
  <testcase classname="testngpractice.SecondClass" name="close" time="0.714"/>
  <system-out/>
</testsuite> <!-- testngpractice.SecondClass -->
