<?xml version="1.0" encoding="UTF-8"?>
<!-- Generated by org.testng.reporters.JUnitReportReporter -->
<testsuite hostname="LIN51010137" failures="0" tests="2" name="testngpractice.Annotations" time="0.020" errors="0" timestamp="2024-03-20T10:41:47 IST" skipped="0">
  <testcase classname="testngpractice.Annotations" name="login" time="0.015"/>
  <system-out/>
  <testcase classname="testngpractice.Annotations" name="search" time="0.005"/>
  <system-out/>
</testsuite> <!-- testngpractice.Annotations -->
