<?xml version="1.0" encoding="UTF-8"?>
<!-- Generated by org.testng.reporters.JUnitReportReporter -->
<testsuite hostname="LIN51010137" failures="0" tests="1" name="testngpractice.Groups" time="0.027" errors="0" timestamp="2024-03-17T13:44:10 IST" skipped="0">
  <testcase classname="testngpractice.Groups" name="test1" time="0.027"/>
  <system-out/>
</testsuite> <!-- testngpractice.Groups -->
